Determining if the pthread_create exist failed with the following output:
Change Dir: /home/acc/sense_stop/build/CMakeFiles/CMakeTmp

Run Build Command:"/usr/bin/make" "cmTC_036c5/fast"
/usr/bin/make -f CMakeFiles/cmTC_036c5.dir/build.make CMakeFiles/cmTC_036c5.dir/build
make[1]: Entering directory '/home/acc/sense_stop/build/CMakeFiles/CMakeTmp'
Building C object CMakeFiles/cmTC_036c5.dir/CheckSymbolExists.c.o
/usr/bin/cc     -o CMakeFiles/cmTC_036c5.dir/CheckSymbolExists.c.o   -c /home/acc/sense_stop/build/CMakeFiles/CMakeTmp/CheckSymbolExists.c
Linking C executable cmTC_036c5
/usr/bin/cmake -E cmake_link_script CMakeFiles/cmTC_036c5.dir/link.txt --verbose=1
/usr/bin/cc       CMakeFiles/cmTC_036c5.dir/CheckSymbolExists.c.o  -o cmTC_036c5 -rdynamic 
CMakeFiles/cmTC_036c5.dir/CheckSymbolExists.c.o: In function `main':
CheckSymbolExists.c:(.text+0x16): undefined reference to `pthread_create'
collect2: error: ld returned 1 exit status
CMakeFiles/cmTC_036c5.dir/build.make:97: recipe for target 'cmTC_036c5' failed
make[1]: *** [cmTC_036c5] Error 1
make[1]: Leaving directory '/home/acc/sense_stop/build/CMakeFiles/CMakeTmp'
Makefile:126: recipe for target 'cmTC_036c5/fast' failed
make: *** [cmTC_036c5/fast] Error 2

File /home/acc/sense_stop/build/CMakeFiles/CMakeTmp/CheckSymbolExists.c:
/* */
#include <pthread.h>

int main(int argc, char** argv)
{
  (void)argv;
#ifndef pthread_create
  return ((int*)(&pthread_create))[argc];
#else
  (void)argc;
  return 0;
#endif
}

Determining if the function pthread_create exists in the pthreads failed with the following output:
Change Dir: /home/acc/sense_stop/build/CMakeFiles/CMakeTmp

Run Build Command:"/usr/bin/make" "cmTC_cae52/fast"
/usr/bin/make -f CMakeFiles/cmTC_cae52.dir/build.make CMakeFiles/cmTC_cae52.dir/build
make[1]: Entering directory '/home/acc/sense_stop/build/CMakeFiles/CMakeTmp'
Building C object CMakeFiles/cmTC_cae52.dir/CheckFunctionExists.c.o
/usr/bin/cc    -DCHECK_FUNCTION_EXISTS=pthread_create   -o CMakeFiles/cmTC_cae52.dir/CheckFunctionExists.c.o   -c /usr/share/cmake-3.5/Modules/CheckFunctionExists.c
Linking C executable cmTC_cae52
/usr/bin/cmake -E cmake_link_script CMakeFiles/cmTC_cae52.dir/link.txt --verbose=1
/usr/bin/cc   -DCHECK_FUNCTION_EXISTS=pthread_create    CMakeFiles/cmTC_cae52.dir/CheckFunctionExists.c.o  -o cmTC_cae52 -rdynamic -lpthreads 
/usr/bin/ld: cannot find -lpthreads
collect2: error: ld returned 1 exit status
CMakeFiles/cmTC_cae52.dir/build.make:97: recipe for target 'cmTC_cae52' failed
make[1]: *** [cmTC_cae52] Error 1
make[1]: Leaving directory '/home/acc/sense_stop/build/CMakeFiles/CMakeTmp'
Makefile:126: recipe for target 'cmTC_cae52/fast' failed
make: *** [cmTC_cae52/fast] Error 2


